2018-03-19 11:57:09,893 CRIT Supervisor running as root (no user in config file)
2018-03-19 11:57:09,893 WARN Included extra file "/etc/supervisor/conf.d/supervisord.conf" during parsing
2018-03-19 11:57:09,909 INFO RPC interface 'supervisor' initialized
2018-03-19 11:57:09,910 CRIT Server 'unix_http_server' running without any HTTP authentication checking
2018-03-19 11:57:09,910 INFO supervisord started with pid 1
2018-03-19 11:57:10,915 INFO spawned: 'varnishd' with pid 13
2018-03-19 11:57:10,922 INFO spawned: 'php-fpm' with pid 14
2018-03-19 11:57:10,928 INFO spawned: 'varnish-plugins-watcher' with pid 15
2018-03-19 11:57:10,938 INFO spawned: 'nginx' with pid 16
2018-03-19 11:57:10,946 INFO spawned: 'MailHog' with pid 17
2018-03-19 11:57:10,954 INFO spawned: 'mysql' with pid 19
2018-03-19 11:57:10,957 INFO spawned: 'varnish-themes-watcher' with pid 20
2018-03-19 11:57:12,679 INFO success: varnishd entered RUNNING state, process has stayed up for > than 1 seconds (startsecs)
2018-03-19 11:57:12,680 INFO success: php-fpm entered RUNNING state, process has stayed up for > than 1 seconds (startsecs)
2018-03-19 11:57:12,680 INFO success: varnish-plugins-watcher entered RUNNING state, process has stayed up for > than 1 seconds (startsecs)
2018-03-19 11:57:12,680 INFO success: nginx entered RUNNING state, process has stayed up for > than 1 seconds (startsecs)
2018-03-19 11:57:12,680 INFO success: MailHog entered RUNNING state, process has stayed up for > than 1 seconds (startsecs)
2018-03-19 11:57:12,680 INFO success: mysql entered RUNNING state, process has stayed up for > than 1 seconds (startsecs)
2018-03-19 11:57:12,680 INFO success: varnish-themes-watcher entered RUNNING state, process has stayed up for > than 1 seconds (startsecs)
2018-03-19 12:54:54,769 WARN received SIGTERM indicating exit request
2018-03-19 12:54:54,770 INFO waiting for varnishd, php-fpm, varnish-plugins-watcher, nginx, MailHog, mysql, varnish-themes-watcher to die
2018-03-19 12:54:55,772 INFO stopped: varnish-themes-watcher (terminated by SIGTERM)
2018-03-19 12:54:55,780 INFO stopped: mysql (exit status 0)
2018-03-19 12:54:55,782 INFO stopped: MailHog (terminated by SIGTERM)
2018-03-19 12:54:55,784 INFO stopped: nginx (exit status 0)
2018-03-19 12:54:56,786 INFO stopped: varnish-plugins-watcher (terminated by SIGTERM)
2018-03-19 12:54:56,796 INFO stopped: php-fpm (exit status 0)
2018-03-19 12:54:57,185 CRIT reaped unknown pid 27)
2018-03-19 12:54:57,803 INFO waiting for varnishd to die
2018-03-19 12:54:57,878 INFO stopped: varnishd (exit status 0)
2018-03-20 11:09:54,778 CRIT Supervisor running as root (no user in config file)
2018-03-20 11:09:54,778 WARN Included extra file "/etc/supervisor/conf.d/supervisord.conf" during parsing
2018-03-20 11:09:54,874 INFO RPC interface 'supervisor' initialized
2018-03-20 11:09:54,877 CRIT Server 'unix_http_server' running without any HTTP authentication checking
2018-03-20 11:09:54,878 INFO supervisord started with pid 1
2018-03-20 11:09:55,890 INFO spawned: 'varnishd' with pid 24
2018-03-20 11:09:55,905 INFO spawned: 'php-fpm' with pid 25
2018-03-20 11:09:55,912 INFO spawned: 'varnish-plugins-watcher' with pid 26
2018-03-20 11:09:55,923 INFO spawned: 'nginx' with pid 27
2018-03-20 11:09:55,928 INFO spawned: 'MailHog' with pid 28
2018-03-20 11:09:55,934 INFO spawned: 'mysql' with pid 29
2018-03-20 11:09:55,939 INFO spawned: 'varnish-themes-watcher' with pid 30
2018-03-20 11:09:56,928 INFO success: varnishd entered RUNNING state, process has stayed up for > than 1 seconds (startsecs)
2018-03-20 11:09:56,928 INFO success: php-fpm entered RUNNING state, process has stayed up for > than 1 seconds (startsecs)
2018-03-20 11:09:56,928 INFO success: varnish-plugins-watcher entered RUNNING state, process has stayed up for > than 1 seconds (startsecs)
2018-03-20 11:09:56,929 INFO success: nginx entered RUNNING state, process has stayed up for > than 1 seconds (startsecs)
2018-03-20 11:09:56,929 INFO success: MailHog entered RUNNING state, process has stayed up for > than 1 seconds (startsecs)
2018-03-20 11:09:56,929 INFO success: mysql entered RUNNING state, process has stayed up for > than 1 seconds (startsecs)
2018-03-20 11:09:57,931 INFO success: varnish-themes-watcher entered RUNNING state, process has stayed up for > than 1 seconds (startsecs)
2018-03-20 11:53:37,269 WARN received SIGTERM indicating exit request
2018-03-20 11:53:37,269 INFO waiting for varnishd, php-fpm, varnish-plugins-watcher, nginx, MailHog, mysql, varnish-themes-watcher to die
2018-03-20 11:53:38,271 INFO stopped: varnish-themes-watcher (terminated by SIGTERM)
2018-03-20 11:53:38,289 INFO stopped: mysql (exit status 0)
2018-03-20 11:53:38,292 INFO stopped: MailHog (terminated by SIGTERM)
2018-03-20 11:53:38,295 INFO stopped: nginx (exit status 0)
2018-03-20 11:53:39,299 INFO stopped: varnish-plugins-watcher (terminated by SIGTERM)
2018-03-20 11:53:39,320 INFO stopped: php-fpm (exit status 0)
2018-03-20 11:53:39,588 CRIT reaped unknown pid 38)
2018-03-20 11:53:40,326 INFO waiting for varnishd to die
2018-03-20 11:53:40,395 INFO stopped: varnishd (exit status 0)
2018-03-20 11:58:21,711 CRIT Supervisor running as root (no user in config file)
2018-03-20 11:58:21,712 WARN Included extra file "/etc/supervisor/conf.d/supervisord.conf" during parsing
2018-03-20 11:58:21,799 INFO RPC interface 'supervisor' initialized
2018-03-20 11:58:21,809 CRIT Server 'unix_http_server' running without any HTTP authentication checking
2018-03-20 11:58:21,810 INFO supervisord started with pid 1
2018-03-20 11:58:22,814 INFO spawned: 'varnishd' with pid 26
2018-03-20 11:58:22,822 INFO spawned: 'php-fpm' with pid 27
2018-03-20 11:58:22,826 INFO spawned: 'varnish-plugins-watcher' with pid 28
2018-03-20 11:58:22,835 INFO spawned: 'nginx' with pid 29
2018-03-20 11:58:22,842 INFO spawned: 'MailHog' with pid 30
2018-03-20 11:58:22,850 INFO spawned: 'mysql' with pid 32
2018-03-20 11:58:22,853 INFO spawned: 'varnish-themes-watcher' with pid 33
2018-03-20 11:58:24,545 INFO success: varnishd entered RUNNING state, process has stayed up for > than 1 seconds (startsecs)
2018-03-20 11:58:24,545 INFO success: php-fpm entered RUNNING state, process has stayed up for > than 1 seconds (startsecs)
2018-03-20 11:58:24,545 INFO success: varnish-plugins-watcher entered RUNNING state, process has stayed up for > than 1 seconds (startsecs)
2018-03-20 11:58:24,545 INFO success: nginx entered RUNNING state, process has stayed up for > than 1 seconds (startsecs)
2018-03-20 11:58:24,546 INFO success: MailHog entered RUNNING state, process has stayed up for > than 1 seconds (startsecs)
2018-03-20 11:58:24,546 INFO success: mysql entered RUNNING state, process has stayed up for > than 1 seconds (startsecs)
2018-03-20 11:58:24,546 INFO success: varnish-themes-watcher entered RUNNING state, process has stayed up for > than 1 seconds (startsecs)
2018-03-20 13:45:28,677 WARN received SIGTERM indicating exit request
2018-03-20 13:45:28,677 INFO waiting for varnishd, php-fpm, varnish-plugins-watcher, nginx, MailHog, mysql, varnish-themes-watcher to die
2018-03-20 13:45:29,679 INFO stopped: varnish-themes-watcher (terminated by SIGTERM)
2018-03-20 13:45:29,684 INFO stopped: mysql (exit status 0)
2018-03-20 13:45:29,686 INFO stopped: MailHog (terminated by SIGTERM)
2018-03-20 13:45:29,687 INFO stopped: nginx (exit status 0)
2018-03-20 13:45:30,690 INFO stopped: varnish-plugins-watcher (terminated by SIGTERM)
2018-03-20 13:45:30,713 INFO stopped: php-fpm (exit status 0)
2018-03-20 13:45:31,286 CRIT reaped unknown pid 41)
2018-03-20 13:45:31,725 INFO waiting for varnishd to die
2018-03-20 13:45:31,806 INFO stopped: varnishd (exit status 0)
