[19-Mar-2018 11:57:30 UTC] PHP Parse error:  syntax error, unexpected '<', expecting end of file in phar:///usr/local/bin/wp/vendor/rmccue/requests/library/Requests.php on line 212
[19-Mar-2018 11:57:31 UTC] PHP Parse error:  syntax error, unexpected '<', expecting end of file in phar:///usr/local/bin/wp/vendor/rmccue/requests/library/Requests.php on line 212
[20-Mar-2018 12:10:43 UTC] PHP Parse error:  syntax error, unexpected '?>' in /app/public/wp-content/themes/oria/template-parts/content-toppage.php on line 16
[20-Mar-2018 12:27:58 UTC] PHP Parse error:  syntax error, unexpected 'endif' (T_ENDIF), expecting end of file in /app/public/wp-content/themes/oria/template-parts/content-toppage.php on line 22
[20-Mar-2018 12:41:16 UTC] PHP Parse error:  syntax error, unexpected 'endif' (T_ENDIF), expecting end of file in /app/public/wp-content/themes/oria/template-parts/content-toppage.php on line 20
[20-Mar-2018 12:41:36 UTC] PHP Parse error:  syntax error, unexpected 'endif' (T_ENDIF), expecting end of file in /app/public/wp-content/themes/oria/template-parts/content-toppage.php on line 20
[20-Mar-2018 13:16:37 UTC] PHP Fatal error:  Uncaught Error: Call to undefined function var_exports() in /app/public/wp-content/themes/oria/template-parts/content-toppage.php:17
Stack trace:
#0 /app/public/wp-includes/template.php(690): require()
#1 /app/public/wp-includes/template.php(647): load_template('/app/public/wp-...', false)
#2 /app/public/wp-includes/general-template.php(155): locate_template(Array, true, false)
#3 /app/public/wp-content/themes/oria/home.php(31): get_template_part('template-parts/...', 'toppage')
#4 /app/public/wp-includes/template-loader.php(74): include('/app/public/wp-...')
#5 /app/public/wp-blog-header.php(19): require_once('/app/public/wp-...')
#6 /app/public/index.php(17): require('/app/public/wp-...')
#7 {main}
  thrown in /app/public/wp-content/themes/oria/template-parts/content-toppage.php on line 17
[20-Mar-2018 13:25:28 UTC] PHP Parse error:  syntax error, unexpected '=', expecting ',' or ')' in /app/public/wp-content/themes/oria/home.php on line 18
[20-Mar-2018 13:26:23 UTC] PHP Parse error:  syntax error, unexpected end of file, expecting elseif (T_ELSEIF) or else (T_ELSE) or endif (T_ENDIF) in /app/public/wp-content/themes/oria/home.php on line 50
[20-Mar-2018 13:26:57 UTC] PHP Fatal error:  Uncaught Error: Call to undefined function var_exports() in /app/public/wp-content/themes/oria/template-parts/content-toppage.php:17
Stack trace:
#0 /app/public/wp-includes/template.php(690): require()
#1 /app/public/wp-includes/template.php(647): load_template('/app/public/wp-...', false)
#2 /app/public/wp-includes/general-template.php(155): locate_template(Array, true, false)
#3 /app/public/wp-content/themes/oria/home.php(31): get_template_part('template-parts/...', 'toppage')
#4 /app/public/wp-includes/template-loader.php(74): include('/app/public/wp-...')
#5 /app/public/wp-blog-header.php(19): require_once('/app/public/wp-...')
#6 /app/public/index.php(17): require('/app/public/wp-...')
#7 {main}
  thrown in /app/public/wp-content/themes/oria/template-parts/content-toppage.php on line 17
[20-Mar-2018 13:32:51 UTC] PHP Parse error:  syntax error, unexpected ';', expecting ',' or ')' in /app/public/wp-content/themes/oria/home.php on line 19
[20-Mar-2018 13:33:52 UTC] PHP Fatal error:  Uncaught Error: Call to undefined function var_exports() in /app/public/wp-content/themes/oria/template-parts/content-toppage.php:17
Stack trace:
#0 /app/public/wp-includes/template.php(690): require()
#1 /app/public/wp-includes/template.php(647): load_template('/app/public/wp-...', false)
#2 /app/public/wp-includes/general-template.php(155): locate_template(Array, true, false)
#3 /app/public/wp-content/themes/oria/home.php(26): get_template_part('template-parts/...', 'toppage')
#4 /app/public/wp-includes/template-loader.php(74): include('/app/public/wp-...')
#5 /app/public/wp-blog-header.php(19): require_once('/app/public/wp-...')
#6 /app/public/index.php(17): require('/app/public/wp-...')
#7 {main}
  thrown in /app/public/wp-content/themes/oria/template-parts/content-toppage.php on line 17
[20-Mar-2018 13:34:50 UTC] PHP Fatal error:  Uncaught Error: Call to undefined function var_exports() in /app/public/wp-content/themes/oria/template-parts/content-toppage.php:17
Stack trace:
#0 /app/public/wp-includes/template.php(690): require()
#1 /app/public/wp-includes/template.php(647): load_template('/app/public/wp-...', false)
#2 /app/public/wp-includes/general-template.php(155): locate_template(Array, true, false)
#3 /app/public/wp-content/themes/oria/home.php(21): get_template_part('template-parts/...', 'toppage')
#4 /app/public/wp-includes/template-loader.php(74): include('/app/public/wp-...')
#5 /app/public/wp-blog-header.php(19): require_once('/app/public/wp-...')
#6 /app/public/index.php(17): require('/app/public/wp-...')
#7 {main}
  thrown in /app/public/wp-content/themes/oria/template-parts/content-toppage.php on line 17
